0 info it worked if it ends with ok
1 verbose cli [ '/usr/bin/node', '/usr/bin/npm', 'install', 'watchify', '-g' ]
2 info using npm@1.4.28
3 info using node@v0.10.33
4 verbose node symlink /usr/bin/node
5 verbose cache add [ 'watchify', null ]
6 verbose cache add name=undefined spec="watchify" args=["watchify",null]
7 verbose parsed url { protocol: null,
7 verbose parsed url   slashes: null,
7 verbose parsed url   auth: null,
7 verbose parsed url   host: null,
7 verbose parsed url   port: null,
7 verbose parsed url   hostname: null,
7 verbose parsed url   hash: null,
7 verbose parsed url   search: null,
7 verbose parsed url   query: null,
7 verbose parsed url   pathname: 'watchify',
7 verbose parsed url   path: 'watchify',
7 verbose parsed url   href: 'watchify' }
8 silly lockFile f821d843-watchify watchify
9 verbose lock watchify /home/guillaume/.npm/f821d843-watchify.lock
10 silly lockFile f821d843-watchify watchify
11 silly lockFile f821d843-watchify watchify
12 verbose addNamed [ 'watchify', '' ]
13 verbose addNamed [ null, '*' ]
14 silly lockFile 19227da7-watchify watchify@
15 verbose lock watchify@ /home/guillaume/.npm/19227da7-watchify.lock
16 silly addNameRange { name: 'watchify', range: '*', hasData: false }
17 verbose request where is /watchify
18 verbose request registry https://registry.npmjs.org/
19 verbose request id 1a7d4413bafb291a
20 verbose url raw /watchify
21 verbose url resolving [ 'https://registry.npmjs.org/', './watchify' ]
22 verbose url resolved https://registry.npmjs.org/watchify
23 verbose request where is https://registry.npmjs.org/watchify
24 info trying registry request attempt 1 at 11:10:30
25 verbose etag "5Z6LZ355BPFU06NTFVNZPCTAH"
26 http GET https://registry.npmjs.org/watchify
27 http 304 https://registry.npmjs.org/watchify
28 silly registry.get cb [ 304,
28 silly registry.get   { date: 'Sat, 07 Feb 2015 10:10:30 GMT',
28 silly registry.get     server: 'Apache',
28 silly registry.get     via: '1.1 varnish',
28 silly registry.get     'last-modified': 'Sat, 07 Feb 2015 10:10:30 GMT',
28 silly registry.get     'cache-control': 'max-age=60',
28 silly registry.get     etag: '"5Z6LZ355BPFU06NTFVNZPCTAH"',
28 silly registry.get     age: '19',
28 silly registry.get     'x-served-by': 'cache-ams4141-AMS',
28 silly registry.get     'x-cache': 'HIT',
28 silly registry.get     'x-cache-hits': '1',
28 silly registry.get     'x-timer': 'S1423303830.861694,VS0,VE0',
28 silly registry.get     vary: 'Accept',
28 silly registry.get     'content-length': '0',
28 silly registry.get     'keep-alive': 'timeout=10, max=50',
28 silly registry.get     connection: 'Keep-Alive' } ]
29 verbose etag https://registry.npmjs.org/watchify from cache
30 silly addNameRange number 2 { name: 'watchify', range: '*', hasData: true }
31 silly addNameRange versions [ 'watchify',
31 silly addNameRange   [ '0.0.0',
31 silly addNameRange     '0.0.1',
31 silly addNameRange     '0.1.0',
31 silly addNameRange     '0.2.0',
31 silly addNameRange     '0.3.0',
31 silly addNameRange     '0.4.0',
31 silly addNameRange     '0.4.1',
31 silly addNameRange     '0.5.0',
31 silly addNameRange     '0.5.1',
31 silly addNameRange     '0.5.2',
31 silly addNameRange     '0.5.3',
31 silly addNameRange     '0.5.4',
31 silly addNameRange     '0.5.5',
31 silly addNameRange     '0.5.6',
31 silly addNameRange     '0.6.0',
31 silly addNameRange     '0.6.1',
31 silly addNameRange     '0.6.2',
31 silly addNameRange     '0.6.3',
31 silly addNameRange     '0.6.4',
31 silly addNameRange     '0.7.0',
31 silly addNameRange     '0.7.1',
31 silly addNameRange     '0.7.2',
31 silly addNameRange     '0.8.0',
31 silly addNameRange     '0.8.1',
31 silly addNameRange     '0.8.2',
31 silly addNameRange     '0.8.3',
31 silly addNameRange     '0.9.0',
31 silly addNameRange     '0.10.0',
31 silly addNameRange     '0.10.1',
31 silly addNameRange     '0.10.2',
31 silly addNameRange     '1.0.0',
31 silly addNameRange     '1.0.1',
31 silly addNameRange     '1.0.2',
31 silly addNameRange     '1.0.3',
31 silly addNameRange     '1.0.4',
31 silly addNameRange     '1.0.5',
31 silly addNameRange     '1.0.6',
31 silly addNameRange     '2.0.0',
31 silly addNameRange     '2.1.0',
31 silly addNameRange     '2.1.1',
31 silly addNameRange     '2.2.0',
31 silly addNameRange     '2.2.1',
31 silly addNameRange     '2.3.0' ] ]
32 verbose addNamed [ 'watchify', '2.3.0' ]
33 verbose addNamed [ '2.3.0', '2.3.0' ]
34 silly lockFile 113aaa79-watchify-2-3-0 watchify@2.3.0
35 verbose lock watchify@2.3.0 /home/guillaume/.npm/113aaa79-watchify-2-3-0.lock
36 silly lockFile 113aaa79-watchify-2-3-0 watchify@2.3.0
37 silly lockFile 113aaa79-watchify-2-3-0 watchify@2.3.0
38 silly lockFile 19227da7-watchify watchify@
39 silly lockFile 19227da7-watchify watchify@
40 silly resolved [ { name: 'watchify',
40 silly resolved     version: '2.3.0',
40 silly resolved     description: 'watch mode for browserify builds',
40 silly resolved     main: 'index.js',
40 silly resolved     bin: { watchify: 'bin/cmd.js' },
40 silly resolved     dependencies: { browserify: '^8.0.2', chokidar: '~0.12.1', through2: '~0.5.1' },
40 silly resolved     devDependencies:
40 silly resolved      { brfs: '^1.0.1',
40 silly resolved        mkdirp: '~0.3.5',
40 silly resolved        split: '~0.3.0',
40 silly resolved        tape: '^2.12.3' },
40 silly resolved     scripts: { test: 'tape test/*.js' },
40 silly resolved     repository: { type: 'git', url: 'git://github.com/substack/watchify.git' },
40 silly resolved     homepage: 'https://github.com/substack/watchify',
40 silly resolved     keywords:
40 silly resolved      [ 'browserify',
40 silly resolved        'browserify-tool',
40 silly resolved        'watch',
40 silly resolved        'bundle',
40 silly resolved        'build',
40 silly resolved        'browser' ],
40 silly resolved     author:
40 silly resolved      { name: 'James Halliday',
40 silly resolved        email: 'mail@substack.net',
40 silly resolved        url: 'http://substack.net' },
40 silly resolved     license: 'MIT',
40 silly resolved     gitHead: '8ca05f57376a587c6d33cfd50cbe604b9e4fbe86',
40 silly resolved     bugs: { url: 'https://github.com/substack/watchify/issues' },
40 silly resolved     _id: 'watchify@2.3.0',
40 silly resolved     _shasum: '77d2cfd4e2f1a3a72306fa7a7a7ae5d6a3b2603d',
40 silly resolved     _from: 'watchify@',
40 silly resolved     _npmVersion: '2.3.0',
40 silly resolved     _nodeVersion: '0.10.35',
40 silly resolved     _npmUser: { name: 'substack', email: 'mail@substack.net' },
40 silly resolved     maintainers: [ [Object] ],
40 silly resolved     dist:
40 silly resolved      { shasum: '77d2cfd4e2f1a3a72306fa7a7a7ae5d6a3b2603d',
40 silly resolved        tarball: 'http://registry.npmjs.org/watchify/-/watchify-2.3.0.tgz' },
40 silly resolved     directories: {},
40 silly resolved     _resolved: 'https://registry.npmjs.org/watchify/-/watchify-2.3.0.tgz',
40 silly resolved     readme: 'ERROR: No README data found!' } ]
41 info install watchify@2.3.0 into /usr/lib
42 info installOne watchify@2.3.0
43 verbose lib/node_modules/watchify unbuild
44 verbose tar unpack /home/guillaume/.npm/watchify/2.3.0/package.tgz
45 silly lockFile b8b5efc0-ar-usr-lib-node-modules-watchify tar:///usr/lib/node_modules/watchify
46 verbose lock tar:///usr/lib/node_modules/watchify /home/guillaume/.npm/b8b5efc0-ar-usr-lib-node-modules-watchify.lock
47 silly lockFile e9faaa45-e-npm-watchify-2-3-0-package-tgz tar:///home/guillaume/.npm/watchify/2.3.0/package.tgz
48 verbose lock tar:///home/guillaume/.npm/watchify/2.3.0/package.tgz /home/guillaume/.npm/e9faaa45-e-npm-watchify-2-3-0-package-tgz.lock
49 silly gunzTarPerm modes [ '775', '664' ]
50 error Error: EACCES, mkdir '/usr/lib/node_modules/watchify'
50 error  { [Error: EACCES, mkdir '/usr/lib/node_modules/watchify']
50 error   errno: 3,
50 error   code: 'EACCES',
50 error   path: '/usr/lib/node_modules/watchify',
50 error   fstream_type: 'Directory',
50 error   fstream_path: '/usr/lib/node_modules/watchify',
50 error   fstream_class: 'DirWriter',
50 error   fstream_stack:
50 error    [ '/usr/lib/node_modules/npm/node_modules/fstream/lib/dir-writer.js:36:23',
50 error      '/usr/lib/node_modules/npm/node_modules/mkdirp/index.js:46:53',
50 error      'Object.oncomplete (fs.js:107:15)' ] }
51 error Please try running this command again as root/Administrator.
52 error System Linux 3.13.0-45-generic
53 error command "/usr/bin/node" "/usr/bin/npm" "install" "watchify" "-g"
54 error cwd /home/guillaume/Documents/node/bombnrundev
55 error node -v v0.10.33
56 error npm -v 1.4.28
57 error path /usr/lib/node_modules/watchify
58 error fstream_path /usr/lib/node_modules/watchify
59 error fstream_type Directory
60 error fstream_class DirWriter
61 error code EACCES
62 error errno 3
63 error stack Error: EACCES, mkdir '/usr/lib/node_modules/watchify'
64 error fstream_stack /usr/lib/node_modules/npm/node_modules/fstream/lib/dir-writer.js:36:23
64 error fstream_stack /usr/lib/node_modules/npm/node_modules/mkdirp/index.js:46:53
64 error fstream_stack Object.oncomplete (fs.js:107:15)
65 verbose exit [ 3, true ]
